#-----------------------------------------------------------
# Vivado v2018.3 (64-bit)
# SW Build 2405991 on Thu Dec  6 23:38:27 MST 2018
# IP Build 2404404 on Fri Dec  7 01:43:56 MST 2018
# Start of session at: Mon Jun  9 12:54:22 2025
# Process ID: 19576
# Current directory: D:/DSD_Project/IMPLEMENTATION/mainproj
# Command line: vivado.exe -gui_launcher_event rodinguilauncherevent14112 D:\DSD_Project\IMPLEMENTATION\mainproj\mainproj.xpr
# Log file: D:/DSD_Project/IMPLEMENTATION/mainproj/vivado.log
# Journal file: D:/DSD_Project/IMPLEMENTATION/mainproj\vivado.jou
#-----------------------------------------------------------
start_gui
open_project D:/DSD_Project/IMPLEMENTATION/mainproj/mainproj.xpr
Scanning sources...
Finished scanning sources
INFO: [IP_Flow 19-234] Refreshing IP repositories
INFO: [IP_Flow 19-1704] No user IP repositories specified
INFO: [IP_Flow 19-2313] Loaded Vivado IP repository 'C:/Vivado/Vivado/2018.3/data/ip'.
open_project: Time (s): cpu = 00:00:09 ; elapsed = 00:00:06 . Memory (MB): peak = 773.777 ; gain = 162.945
update_compile_order -fileset sources_1
exit
INFO: [Common 17-206] Exiting Vivado at Mon Jun  9 12:57:16 2025...
