#-----------------------------------------------------------
# Vivado v2018.3 (64-bit)
# SW Build 2405991 on Thu Dec  6 23:38:27 MST 2018
# IP Build 2404404 on Fri Dec  7 01:43:56 MST 2018
# Start of session at: Sun Jun  1 23:47:59 2025
# Process ID: 2480
# Current directory: D:/DSD_Project/IMPLEMENTATION/mainproj
# Command line: vivado.exe -gui_launcher_event rodinguilauncherevent13052 D:\DSD_Project\IMPLEMENTATION\mainproj\mainproj.xpr
# Log file: D:/DSD_Project/IMPLEMENTATION/mainproj/vivado.log
# Journal file: D:/DSD_Project/IMPLEMENTATION/mainproj\vivado.jou
#-----------------------------------------------------------
start_gui
open_project D:/DSD_Project/IMPLEMENTATION/mainproj/mainproj.xpr
Scanning sources...
Finished scanning sources
INFO: [IP_Flow 19-234] Refreshing IP repositories
INFO: [IP_Flow 19-1704] No user IP repositories specified
INFO: [IP_Flow 19-2313] Loaded Vivado IP repository 'C:/Vivado/Vivado/2018.3/data/ip'.
open_project: Time (s): cpu = 00:00:19 ; elapsed = 00:00:10 . Memory (MB): peak = 722.992 ; gain = 105.324uupdate_compile_order -fileset sources_1exit
INFO: [Common 17-206] Exiting Vivado at Sun Jun  1 23:50:03 2025...

